Watching for file changes with StatReloader
Watching for file changes with StatReloader
Method Not Allowed: /halo/book/
Method Not Allowed: /halo/book/
"GET /halo/book/ HTTP/1.1" 405 5599
"GET /halo/book/ HTTP/1.1" 405 5599
Email validation failed for client_email: 'hari'. Invalid email format.
Bad Request: /halo/book/
Bad Request: /halo/book/
"POST /halo/book/ HTTP/1.1" 400 5576
"POST /halo/book/ HTTP/1.1" 400 5576
Method Not Allowed: /halo/book/
Method Not Allowed: /halo/book/
"GET /halo/book/ HTTP/1.1" 405 5599
"GET /halo/book/ HTTP/1.1" 405 5599
Missing fields: ['client_email'].
Bad Request: /halo/book/
Bad Request: /halo/book/
"POST /halo/book/ HTTP/1.1" 400 5584
"POST /halo/book/ HTTP/1.1" 400 5584
C:\Users\sreed\OneDrive\Desktop\FullStack Projects\halo\fitness\halo\views.py changed, reloading.
C:\Users\sreed\OneDrive\Desktop\FullStack Projects\halo\fitness\halo\views.py changed, reloading.
Watching for file changes with StatReloader
Watching for file changes with StatReloader
C:\Users\sreed\OneDrive\Desktop\FullStack Projects\halo\fitness\halo\views.py changed, reloading.
C:\Users\sreed\OneDrive\Desktop\FullStack Projects\halo\fitness\halo\views.py changed, reloading.
Watching for file changes with StatReloader
Watching for file changes with StatReloader
C:\Users\sreed\OneDrive\Desktop\FullStack Projects\halo\fitness\halo\views.py changed, reloading.
C:\Users\sreed\OneDrive\Desktop\FullStack Projects\halo\fitness\halo\views.py changed, reloading.
Watching for file changes with StatReloader
Watching for file changes with StatReloader
C:\Users\sreed\OneDrive\Desktop\FullStack Projects\halo\fitness\halo\views.py changed, reloading.
C:\Users\sreed\OneDrive\Desktop\FullStack Projects\halo\fitness\halo\views.py changed, reloading.
Watching for file changes with StatReloader
Watching for file changes with StatReloader
C:\Users\sreed\OneDrive\Desktop\FullStack Projects\halo\fitness\halo\views.py changed, reloading.
C:\Users\sreed\OneDrive\Desktop\FullStack Projects\halo\fitness\halo\views.py changed, reloading.
Watching for file changes with StatReloader
Watching for file changes with StatReloader
C:\Users\sreed\OneDrive\Desktop\FullStack Projects\halo\fitness\halo\views.py changed, reloading.
C:\Users\sreed\OneDrive\Desktop\FullStack Projects\halo\fitness\halo\views.py changed, reloading.
Watching for file changes with StatReloader
Watching for file changes with StatReloader
C:\Users\sreed\OneDrive\Desktop\FullStack Projects\halo\fitness\halo\views.py changed, reloading.
C:\Users\sreed\OneDrive\Desktop\FullStack Projects\halo\fitness\halo\views.py changed, reloading.
Watching for file changes with StatReloader
Watching for file changes with StatReloader
C:\Users\sreed\OneDrive\Desktop\FullStack Projects\halo\fitness\halo\views.py changed, reloading.
C:\Users\sreed\OneDrive\Desktop\FullStack Projects\halo\fitness\halo\views.py changed, reloading.
Watching for file changes with StatReloader
Watching for file changes with StatReloader
C:\Users\sreed\OneDrive\Desktop\FullStack Projects\halo\fitness\halo\views.py changed, reloading.
C:\Users\sreed\OneDrive\Desktop\FullStack Projects\halo\fitness\halo\views.py changed, reloading.
Watching for file changes with StatReloader
Watching for file changes with StatReloader
C:\Users\sreed\OneDrive\Desktop\FullStack Projects\halo\fitness\halo\views.py changed, reloading.
C:\Users\sreed\OneDrive\Desktop\FullStack Projects\halo\fitness\halo\views.py changed, reloading.
Watching for file changes with StatReloader
Watching for file changes with StatReloader
C:\Users\sreed\OneDrive\Desktop\FullStack Projects\halo\fitness\halo\views.py changed, reloading.
C:\Users\sreed\OneDrive\Desktop\FullStack Projects\halo\fitness\halo\views.py changed, reloading.
Watching for file changes with StatReloader
Watching for file changes with StatReloader
C:\Users\sreed\OneDrive\Desktop\FullStack Projects\halo\fitness\halo\views.py changed, reloading.
C:\Users\sreed\OneDrive\Desktop\FullStack Projects\halo\fitness\halo\views.py changed, reloading.
Watching for file changes with StatReloader
Watching for file changes with StatReloader
C:\Users\sreed\OneDrive\Desktop\FullStack Projects\halo\fitness\halo\views.py changed, reloading.
C:\Users\sreed\OneDrive\Desktop\FullStack Projects\halo\fitness\halo\views.py changed, reloading.
Watching for file changes with StatReloader
Watching for file changes with StatReloader
C:\Users\sreed\OneDrive\Desktop\FullStack Projects\halo\fitness\halo\views.py changed, reloading.
C:\Users\sreed\OneDrive\Desktop\FullStack Projects\halo\fitness\halo\views.py changed, reloading.
Watching for file changes with StatReloader
Watching for file changes with StatReloader
C:\Users\sreed\OneDrive\Desktop\FullStack Projects\halo\fitness\halo\views.py changed, reloading.
C:\Users\sreed\OneDrive\Desktop\FullStack Projects\halo\fitness\halo\views.py changed, reloading.
Watching for file changes with StatReloader
Watching for file changes with StatReloader
C:\Users\sreed\OneDrive\Desktop\FullStack Projects\halo\fitness\halo\views.py changed, reloading.
C:\Users\sreed\OneDrive\Desktop\FullStack Projects\halo\fitness\halo\views.py changed, reloading.
Watching for file changes with StatReloader
Watching for file changes with StatReloader
C:\Users\sreed\OneDrive\Desktop\FullStack Projects\halo\fitness\halo\views.py changed, reloading.
C:\Users\sreed\OneDrive\Desktop\FullStack Projects\halo\fitness\halo\views.py changed, reloading.
Watching for file changes with StatReloader
Watching for file changes with StatReloader
C:\Users\sreed\OneDrive\Desktop\FullStack Projects\halo\fitness\halo\views.py changed, reloading.
C:\Users\sreed\OneDrive\Desktop\FullStack Projects\halo\fitness\halo\views.py changed, reloading.
Watching for file changes with StatReloader
Watching for file changes with StatReloader
C:\Users\sreed\OneDrive\Desktop\FullStack Projects\halo\fitness\halo\views.py changed, reloading.
C:\Users\sreed\OneDrive\Desktop\FullStack Projects\halo\fitness\halo\views.py changed, reloading.
Watching for file changes with StatReloader
Watching for file changes with StatReloader
C:\Users\sreed\OneDrive\Desktop\FullStack Projects\halo\fitness\halo\views.py changed, reloading.
C:\Users\sreed\OneDrive\Desktop\FullStack Projects\halo\fitness\halo\views.py changed, reloading.
Watching for file changes with StatReloader
Watching for file changes with StatReloader
C:\Users\sreed\OneDrive\Desktop\FullStack Projects\halo\fitness\halo\views.py changed, reloading.
C:\Users\sreed\OneDrive\Desktop\FullStack Projects\halo\fitness\halo\views.py changed, reloading.
Watching for file changes with StatReloader
Watching for file changes with StatReloader
C:\Users\sreed\OneDrive\Desktop\FullStack Projects\halo\fitness\halo\views.py changed, reloading.
C:\Users\sreed\OneDrive\Desktop\FullStack Projects\halo\fitness\halo\views.py changed, reloading.
Watching for file changes with StatReloader
Watching for file changes with StatReloader
C:\Users\sreed\OneDrive\Desktop\FullStack Projects\halo\fitness\halo\views.py changed, reloading.
C:\Users\sreed\OneDrive\Desktop\FullStack Projects\halo\fitness\halo\views.py changed, reloading.
Watching for file changes with StatReloader
Watching for file changes with StatReloader
C:\Users\sreed\OneDrive\Desktop\FullStack Projects\halo\fitness\halo\views.py changed, reloading.
C:\Users\sreed\OneDrive\Desktop\FullStack Projects\halo\fitness\halo\views.py changed, reloading.
Watching for file changes with StatReloader
Watching for file changes with StatReloader
C:\Users\sreed\OneDrive\Desktop\FullStack Projects\halo\fitness\halo\views.py changed, reloading.
C:\Users\sreed\OneDrive\Desktop\FullStack Projects\halo\fitness\halo\views.py changed, reloading.
Watching for file changes with StatReloader
Watching for file changes with StatReloader
C:\Users\sreed\OneDrive\Desktop\FullStack Projects\halo\fitness\halo\views.py changed, reloading.
C:\Users\sreed\OneDrive\Desktop\FullStack Projects\halo\fitness\halo\views.py changed, reloading.
Watching for file changes with StatReloader
Watching for file changes with StatReloader
C:\Users\sreed\OneDrive\Desktop\FullStack Projects\halo\fitness\halo\views.py changed, reloading.
C:\Users\sreed\OneDrive\Desktop\FullStack Projects\halo\fitness\halo\views.py changed, reloading.
Watching for file changes with StatReloader
Watching for file changes with StatReloader
C:\Users\sreed\OneDrive\Desktop\FullStack Projects\halo\fitness\halo\views.py changed, reloading.
C:\Users\sreed\OneDrive\Desktop\FullStack Projects\halo\fitness\halo\views.py changed, reloading.
Watching for file changes with StatReloader
Watching for file changes with StatReloader
C:\Users\sreed\OneDrive\Desktop\FullStack Projects\halo\fitness\halo\views.py changed, reloading.
C:\Users\sreed\OneDrive\Desktop\FullStack Projects\halo\fitness\halo\views.py changed, reloading.
Watching for file changes with StatReloader
Watching for file changes with StatReloader
C:\Users\sreed\OneDrive\Desktop\FullStack Projects\halo\fitness\halo\views.py changed, reloading.
C:\Users\sreed\OneDrive\Desktop\FullStack Projects\halo\fitness\halo\views.py changed, reloading.
Watching for file changes with StatReloader
Watching for file changes with StatReloader
C:\Users\sreed\OneDrive\Desktop\FullStack Projects\halo\fitness\halo\views.py changed, reloading.
C:\Users\sreed\OneDrive\Desktop\FullStack Projects\halo\fitness\halo\views.py changed, reloading.
Watching for file changes with StatReloader
Watching for file changes with StatReloader
C:\Users\sreed\OneDrive\Desktop\FullStack Projects\halo\fitness\halo\views.py changed, reloading.
C:\Users\sreed\OneDrive\Desktop\FullStack Projects\halo\fitness\halo\views.py changed, reloading.
Watching for file changes with StatReloader
Watching for file changes with StatReloader
C:\Users\sreed\OneDrive\Desktop\FullStack Projects\halo\fitness\halo\views.py changed, reloading.
C:\Users\sreed\OneDrive\Desktop\FullStack Projects\halo\fitness\halo\views.py changed, reloading.
Watching for file changes with StatReloader
Watching for file changes with StatReloader
C:\Users\sreed\OneDrive\Desktop\FullStack Projects\halo\fitness\halo\views.py changed, reloading.
C:\Users\sreed\OneDrive\Desktop\FullStack Projects\halo\fitness\halo\views.py changed, reloading.
Watching for file changes with StatReloader
Watching for file changes with StatReloader
C:\Users\sreed\OneDrive\Desktop\FullStack Projects\halo\fitness\halo\views.py changed, reloading.
C:\Users\sreed\OneDrive\Desktop\FullStack Projects\halo\fitness\halo\views.py changed, reloading.
Watching for file changes with StatReloader
Watching for file changes with StatReloader
C:\Users\sreed\OneDrive\Desktop\FullStack Projects\halo\fitness\halo\views.py changed, reloading.
C:\Users\sreed\OneDrive\Desktop\FullStack Projects\halo\fitness\halo\views.py changed, reloading.
Watching for file changes with StatReloader
Watching for file changes with StatReloader
C:\Users\sreed\OneDrive\Desktop\FullStack Projects\halo\fitness\halo\views.py changed, reloading.
C:\Users\sreed\OneDrive\Desktop\FullStack Projects\halo\fitness\halo\views.py changed, reloading.
Watching for file changes with StatReloader
Watching for file changes with StatReloader
C:\Users\sreed\OneDrive\Desktop\FullStack Projects\halo\fitness\halo\views.py changed, reloading.
C:\Users\sreed\OneDrive\Desktop\FullStack Projects\halo\fitness\halo\views.py changed, reloading.
Watching for file changes with StatReloader
Watching for file changes with StatReloader
C:\Users\sreed\OneDrive\Desktop\FullStack Projects\halo\fitness\halo\views.py changed, reloading.
C:\Users\sreed\OneDrive\Desktop\FullStack Projects\halo\fitness\halo\views.py changed, reloading.
Watching for file changes with StatReloader
Watching for file changes with StatReloader
Invalid class_id: 10.
Not Found: /halo/book/
Not Found: /halo/book/
"POST /halo/book/ HTTP/1.1" 404 5569
"POST /halo/book/ HTTP/1.1" 404 5569
